2020-12-10 12:32:36 DEBUG Logging:35 - Switching to frame
2020-12-10 12:32:36 DEBUG Logging:35 - Clicking on the Chaticon
2020-12-10 12:32:37 INFO  Logging:30 - Providing Username
2020-12-10 12:32:37 INFO  Logging:30 - Providing Mobile Number
2020-12-10 12:32:37 INFO  Logging:30 - Providing Mail_Id
2020-12-10 12:32:37 INFO  Logging:30 - Clicking the checkbox
2020-12-10 12:32:37 INFO  Logging:30 - Selecting from Dropdown
2020-12-10 12:41:21 DEBUG Logging:35 - Switching to frame
2020-12-10 12:41:21 DEBUG Logging:35 - Clicking on the Chaticon
2020-12-10 12:41:22 INFO  Logging:30 - Providing Username
2020-12-10 12:41:22 INFO  Logging:30 - Providing Mobile Number
2020-12-10 12:41:22 INFO  Logging:30 - Providing Mail_Id
2020-12-10 12:41:23 INFO  Logging:30 - Clicking the checkbox
2020-12-10 12:41:23 INFO  Logging:30 - Selecting from Dropdown
2020-12-10 12:41:23 DEBUG Logging:35 - Clicking on the chatbutton
2020-12-10 12:41:41 DEBUG Logging:35 - Switching to frame
2020-12-10 12:41:41 DEBUG Logging:35 - Clicking on the Chaticon
2020-12-10 12:41:42 INFO  Logging:30 - Providing Username
2020-12-10 12:41:42 INFO  Logging:30 - Providing Mobile Number
2020-12-10 12:41:42 INFO  Logging:30 - Providing Mail_Id
2020-12-10 12:41:42 INFO  Logging:30 - Clicking the checkbox
2020-12-10 12:41:42 INFO  Logging:30 - Selecting from Dropdown
2020-12-10 12:41:43 DEBUG Logging:35 - Clicking on the chatbutton
2020-12-10 12:42:07 DEBUG Logging:35 - Switching to frame
2020-12-10 12:42:08 DEBUG Logging:35 - Clicking on the Chaticon
2020-12-10 12:42:09 INFO  Logging:30 - Providing Username
2020-12-10 12:42:09 INFO  Logging:30 - Providing Mobile Number
2020-12-10 12:42:09 INFO  Logging:30 - Providing Mail_Id
2020-12-10 12:42:10 INFO  Logging:30 - Clicking the checkbox
2020-12-10 12:42:10 INFO  Logging:30 - Selecting from Dropdown
2020-12-10 12:42:10 DEBUG Logging:35 - Clicking on the chatbutton
2020-12-10 12:42:28 DEBUG Logging:35 - Switching to frame
2020-12-10 12:42:28 DEBUG Logging:35 - Clicking on the Chaticon
2020-12-10 12:42:29 INFO  Logging:30 - Providing Username
2020-12-10 12:42:29 INFO  Logging:30 - Providing Mobile Number
2020-12-10 12:42:29 INFO  Logging:30 - Providing Mail_Id
2020-12-10 12:42:30 INFO  Logging:30 - Clicking the checkbox
2020-12-10 12:42:30 INFO  Logging:30 - Selecting from Dropdown
2020-12-10 12:42:30 DEBUG Logging:35 - Clicking on the chatbutton
2020-12-10 12:42:49 DEBUG Logging:35 - Switching to frame
2020-12-10 12:42:49 DEBUG Logging:35 - Clicking on the Chaticon
2020-12-10 12:42:50 INFO  Logging:30 - Providing Username
2020-12-10 12:42:50 INFO  Logging:30 - Providing Mobile Number
2020-12-10 12:42:50 INFO  Logging:30 - Providing Mail_Id
2020-12-10 12:42:50 INFO  Logging:30 - Clicking the checkbox
2020-12-10 12:42:50 INFO  Logging:30 - Selecting from Dropdown
2020-12-10 12:42:50 DEBUG Logging:35 - Clicking on the chatbutton
2020-12-10 12:43:18 DEBUG Logging:35 - Switching to frame
2020-12-10 12:43:18 DEBUG Logging:35 - Clicking on the Chaticon
2020-12-10 12:43:19 INFO  Logging:30 - Providing Username
2020-12-10 12:43:19 INFO  Logging:30 - Providing Mobile Number
2020-12-10 12:43:19 INFO  Logging:30 - Providing Mail_Id
2020-12-10 12:43:20 INFO  Logging:30 - Clicking the checkbox
2020-12-10 12:43:20 INFO  Logging:30 - Selecting from Dropdown
2020-12-10 12:43:20 DEBUG Logging:35 - Clicking on the chatbutton
2020-12-10 12:48:50 DEBUG Logging:35 - Switching to frame
2020-12-10 12:48:50 DEBUG Logging:35 - Clicking on the Chaticon
2020-12-10 12:48:51 INFO  Logging:30 - Providing Username
2020-12-10 12:48:51 INFO  Logging:30 - Providing Mobile Number
2020-12-10 12:48:52 INFO  Logging:30 - Providing Mail_Id
2020-12-10 12:48:52 INFO  Logging:30 - Clicking the checkbox
2020-12-10 12:48:52 INFO  Logging:30 - Selecting from Dropdown
2020-12-10 12:48:52 DEBUG Logging:35 - Clicking on the chatbutton
2020-12-10 12:49:16 DEBUG Logging:35 - Switching to frame
2020-12-10 12:49:16 DEBUG Logging:35 - Clicking on the Chaticon
2020-12-10 12:49:17 INFO  Logging:30 - Providing Username
2020-12-10 12:49:17 INFO  Logging:30 - Providing Mobile Number
2020-12-10 12:49:17 INFO  Logging:30 - Providing Mail_Id
2020-12-10 12:49:17 INFO  Logging:30 - Clicking the checkbox
2020-12-10 12:49:18 INFO  Logging:30 - Selecting from Dropdown
2020-12-10 12:49:18 DEBUG Logging:35 - Clicking on the chatbutton
2020-12-10 12:49:40 DEBUG Logging:35 - Switching to frame
2020-12-10 12:49:40 DEBUG Logging:35 - Clicking on the Chaticon
2020-12-10 12:49:42 INFO  Logging:30 - Providing Username
2020-12-10 12:49:42 INFO  Logging:30 - Providing Mobile Number
2020-12-10 12:49:42 INFO  Logging:30 - Providing Mail_Id
2020-12-10 12:49:43 INFO  Logging:30 - Clicking the checkbox
2020-12-10 12:49:43 INFO  Logging:30 - Selecting from Dropdown
2020-12-10 12:49:43 DEBUG Logging:35 - Clicking on the chatbutton
2020-12-10 12:50:00 DEBUG Logging:35 - Switching to frame
2020-12-10 12:50:00 DEBUG Logging:35 - Clicking on the Chaticon
2020-12-10 12:50:02 INFO  Logging:30 - Providing Username
2020-12-10 12:50:02 INFO  Logging:30 - Providing Mobile Number
2020-12-10 12:50:03 INFO  Logging:30 - Providing Mail_Id
2020-12-10 12:50:03 INFO  Logging:30 - Clicking the checkbox
2020-12-10 12:50:03 INFO  Logging:30 - Selecting from Dropdown
2020-12-10 12:50:03 DEBUG Logging:35 - Clicking on the chatbutton
2020-12-10 12:50:31 DEBUG Logging:35 - Switching to frame
2020-12-10 12:50:31 DEBUG Logging:35 - Clicking on the Chaticon
2020-12-10 12:50:33 INFO  Logging:30 - Providing Username
2020-12-10 12:50:33 INFO  Logging:30 - Providing Mobile Number
2020-12-10 12:50:33 INFO  Logging:30 - Providing Mail_Id
2020-12-10 12:50:34 INFO  Logging:30 - Clicking the checkbox
2020-12-10 12:50:34 INFO  Logging:30 - Selecting from Dropdown
2020-12-10 12:50:34 DEBUG Logging:35 - Clicking on the chatbutton
2020-12-10 12:50:51 DEBUG Logging:35 - Switching to frame
2020-12-10 12:50:51 DEBUG Logging:35 - Clicking on the Chaticon
2020-12-10 12:50:52 INFO  Logging:30 - Providing Username
2020-12-10 12:50:52 INFO  Logging:30 - Providing Mobile Number
2020-12-10 12:50:52 INFO  Logging:30 - Providing Mail_Id
2020-12-10 12:50:52 INFO  Logging:30 - Clicking the checkbox
2020-12-10 12:50:52 INFO  Logging:30 - Selecting from Dropdown
2020-12-10 12:50:52 DEBUG Logging:35 - Clicking on the chatbutton
2020-12-11 13:10:50 INFO  Logging:30 - Clicking the buses linktext
2020-12-11 13:10:57 INFO  Logging:30 - Entering source
2020-12-11 13:11:00 INFO  Logging:30 - Entering destination
2020-12-11 13:11:02 INFO  Logging:30 - Clicking search button
2020-12-11 13:11:11 INFO  Logging:30 - Clicking the buses linktext
2020-12-11 13:11:19 INFO  Logging:30 - Entering source
2020-12-11 13:11:21 INFO  Logging:30 - Entering destination
2020-12-11 13:11:24 INFO  Logging:30 - Clicking search button
2020-12-11 13:11:33 INFO  Logging:30 - Clicking the buses linktext
2020-12-11 13:11:41 INFO  Logging:30 - Entering source
2020-12-11 13:11:43 INFO  Logging:30 - Entering destination
2020-12-11 13:11:45 INFO  Logging:30 - Clicking search button
2020-12-11 13:11:57 INFO  Logging:30 - Clicking the buses linktext
2020-12-11 13:12:12 INFO  Logging:30 - Clicking the buses linktext
2020-12-11 13:14:00 INFO  Logging:30 - Clicking the buses linktext
2020-12-11 13:14:08 INFO  Logging:30 - Entering source
2020-12-11 13:14:11 INFO  Logging:30 - Entering destination
2020-12-11 13:14:15 INFO  Logging:30 - Clicking search button
2020-12-11 13:14:25 INFO  Logging:30 - Clicking the buses linktext
2020-12-11 13:14:32 INFO  Logging:30 - Entering source
2020-12-11 13:14:36 INFO  Logging:30 - Entering destination
2020-12-11 13:14:40 INFO  Logging:30 - Clicking search button
2020-12-11 13:16:21 INFO  Logging:30 - Clicking the buses linktext
2020-12-11 13:16:36 INFO  Logging:30 - Clicking the buses linktext
2020-12-11 13:16:51 INFO  Logging:30 - Clicking the buses linktext
2020-12-11 13:16:58 INFO  Logging:30 - Entering source
2020-12-11 13:17:02 INFO  Logging:30 - Entering destination
2020-12-11 13:17:07 INFO  Logging:30 - Clicking search button
2020-12-11 13:17:17 INFO  Logging:30 - Clicking the buses linktext
2020-12-11 13:22:31 INFO  Logging:30 - Clickingt the login/create account button
2020-12-11 13:22:46 INFO  Logging:30 - Clickingt the login/create account button
2020-12-11 13:22:58 INFO  Logging:30 - Clickingt the login/create account button
2020-12-11 13:23:09 INFO  Logging:30 - Clickingt the login/create account button
2020-12-11 13:23:25 INFO  Logging:30 - Clickingt the login/create account button
2020-12-11 13:52:53 INFO  Logging:30 - Clickingt the login/create account button
2020-12-11 13:53:11 INFO  Logging:30 - Clickingt the login/create account button
2020-12-11 13:53:24 INFO  Logging:30 - Clickingt the login/create account button
2020-12-11 13:53:39 INFO  Logging:30 - Clickingt the login/create account button
2020-12-11 13:53:53 INFO  Logging:30 - Clickingt the login/create account button
2020-12-11 13:59:26 INFO  Logging:30 - Clickingt the login/create account button
2020-12-11 13:59:31 INFO  Logging:30 - Login with google
2020-12-11 14:01:38 INFO  Logging:30 - Clickingt the login/create account button
2020-12-11 14:01:43 INFO  Logging:30 - Login with google
2020-12-11 14:02:44 INFO  Logging:30 - Clickingt the login/create account button
2020-12-11 14:02:49 INFO  Logging:30 - Login with google
2020-12-11 14:03:06 INFO  Logging:30 - Clickingt the login/create account button
2020-12-11 14:03:11 INFO  Logging:30 - Login with google
2020-12-11 14:05:01 INFO  Logging:30 - Clickingt the login/create account button
2020-12-11 14:05:05 INFO  Logging:30 - Login with google
2020-12-11 14:05:16 INFO  Logging:30 - Clickingt the login/create account button
2020-12-11 14:05:20 INFO  Logging:30 - Login with google
2020-12-11 14:06:32 INFO  Logging:30 - Clickingt the login/create account button
2020-12-11 14:06:36 INFO  Logging:30 - Login with google
2020-12-11 14:06:49 INFO  Logging:30 - Clickingt the login/create account button
2020-12-11 14:06:53 INFO  Logging:30 - Login with google
2020-12-11 14:07:35 INFO  Logging:30 - Clickingt the login/create account button
2020-12-11 14:07:39 INFO  Logging:30 - Login with google
2020-12-11 14:21:28 INFO  Logging:30 - Clickingt the login/create account button
2020-12-11 14:21:32 INFO  Logging:30 - Login with google
2020-12-11 14:21:36 INFO  Logging:30 - Entering user mail
2020-12-11 14:26:07 INFO  Logging:30 - Clickingt the login/create account button
2020-12-11 14:26:09 INFO  Logging:30 - Login with google
2020-12-11 14:26:12 INFO  Logging:30 - Entering user mail
2020-12-11 14:26:16 INFO  Logging:30 - Clicking next
2020-12-11 14:26:18 INFO  Logging:30 - Entering user password
2020-12-11 14:53:15 INFO  Logging:30 - Clickingt the login/create account button
2020-12-11 14:53:17 INFO  Logging:30 - Login with google
2020-12-11 14:53:29 INFO  Logging:30 - Entering user mail
2020-12-11 14:53:33 INFO  Logging:30 - Clicking next
2020-12-11 14:53:35 INFO  Logging:30 - Entering user password
2020-12-11 14:53:49 INFO  Logging:30 - Clicking the buses linktext
2020-12-11 14:53:59 INFO  Logging:30 - Clicking the buses linktext
2020-12-11 14:54:02 INFO  Logging:30 - Entering source
2020-12-11 14:54:04 INFO  Logging:30 - Entering destination
2020-12-11 14:54:06 INFO  Logging:30 - Selecting travel date
2020-12-11 14:54:08 INFO  Logging:30 - Clicking search button
2020-12-11 14:54:29 INFO  Logging:30 - Clicking the buses linktext
2020-12-11 14:54:31 INFO  Logging:30 - Entering source
2020-12-11 14:54:33 INFO  Logging:30 - Entering destination
2020-12-11 14:54:35 INFO  Logging:30 - Selecting travel date
2020-12-11 14:54:37 INFO  Logging:30 - Clicking search button
2020-12-11 14:54:48 INFO  Logging:30 - Clicking the buses linktext
2020-12-11 14:54:50 INFO  Logging:30 - Entering source
2020-12-11 14:54:52 INFO  Logging:30 - Entering destination
2020-12-11 14:54:55 INFO  Logging:30 - Selecting travel date
2020-12-11 14:54:57 INFO  Logging:30 - Clicking search button
2020-12-11 14:55:09 INFO  Logging:30 - Clicking the buses linktext
2020-12-11 15:03:06 INFO  Logging:30 - Clickingt the login/create account button
2020-12-11 15:03:08 INFO  Logging:30 - Login with google
2020-12-11 15:03:11 INFO  Logging:30 - Entering user mail
2020-12-11 15:03:15 INFO  Logging:30 - Clicking next
2020-12-11 15:03:17 INFO  Logging:30 - Entering user password
2020-12-11 15:03:19 INFO  Logging:30 - Clicking next
2020-12-11 15:05:06 INFO  Logging:30 - Clicking the buses linktext
2020-12-11 15:05:08 INFO  Logging:30 - Entering source
2020-12-11 15:05:10 INFO  Logging:30 - Entering destination
2020-12-11 15:05:12 INFO  Logging:30 - Clicking travel date picker
2020-12-11 15:05:14 INFO  Logging:30 - Selecting travel date
2020-12-11 15:05:17 INFO  Logging:30 - Clicking search button
2020-12-11 15:05:28 INFO  Logging:30 - Clicking the buses linktext
2020-12-11 15:05:40 INFO  Logging:30 - Clicking the buses linktext
2020-12-11 15:05:42 INFO  Logging:30 - Entering source
2020-12-11 15:05:44 INFO  Logging:30 - Entering destination
2020-12-11 15:05:47 INFO  Logging:30 - Clicking travel date picker
2020-12-11 15:05:49 INFO  Logging:30 - Selecting travel date
2020-12-11 15:05:51 INFO  Logging:30 - Clicking search button
2020-12-11 15:06:02 INFO  Logging:30 - Clicking the buses linktext
2020-12-11 15:06:14 INFO  Logging:30 - Clicking the buses linktext
2020-12-11 15:06:16 INFO  Logging:30 - Entering source
2020-12-11 15:06:18 INFO  Logging:30 - Entering destination
2020-12-11 15:06:20 INFO  Logging:30 - Clicking travel date picker
2020-12-11 15:06:23 INFO  Logging:30 - Selecting travel date
2020-12-11 15:06:25 INFO  Logging:30 - Clicking search button
2020-12-11 15:07:50 INFO  Logging:30 - Clickingt the login/create account button
2020-12-11 15:07:52 INFO  Logging:30 - Login with google
2020-12-11 15:07:55 INFO  Logging:30 - Entering user mail
2020-12-11 15:07:59 INFO  Logging:30 - Clicking next
2020-12-11 15:08:01 INFO  Logging:30 - Entering user password
2020-12-11 15:08:03 INFO  Logging:30 - Clicking next
2020-12-11 15:08:38 INFO  Logging:30 - Clicking the buses linktext
2020-12-11 15:08:49 INFO  Logging:30 - Clicking the buses linktext
2020-12-11 15:09:00 INFO  Logging:30 - Clicking the buses linktext
2020-12-11 15:09:12 INFO  Logging:30 - Clicking the buses linktext
2020-12-11 15:09:15 INFO  Logging:30 - Entering source
2020-12-11 15:09:17 INFO  Logging:30 - Entering destination
2020-12-11 15:09:19 INFO  Logging:30 - Clicking travel date picker
2020-12-11 15:09:21 INFO  Logging:30 - Selecting travel date
2020-12-11 15:09:23 INFO  Logging:30 - Clicking search button
2020-12-11 15:09:37 INFO  Logging:30 - Clicking the buses linktext
2020-12-11 15:10:04 INFO  Logging:30 - Clickingt the login/create account button
2020-12-11 15:10:06 INFO  Logging:30 - Login with google
2020-12-11 15:10:40 INFO  Logging:30 - Clicking the buses linktext
2020-12-11 15:10:52 INFO  Logging:30 - Clicking the buses linktext
2020-12-11 15:10:55 INFO  Logging:30 - Entering source
2020-12-11 15:11:10 INFO  Logging:30 - Clicking the buses linktext
2020-12-11 15:11:43 INFO  Logging:30 - Clicking the buses linktext
2020-12-11 15:11:54 INFO  Logging:30 - Clicking the buses linktext
2020-12-11 15:17:37 INFO  Logging:30 - Clickingt the login/create account button
2020-12-11 15:17:42 INFO  Logging:30 - Login with google
2020-12-11 15:17:47 INFO  Logging:30 - Entering user mail
2020-12-11 15:17:52 INFO  Logging:30 - Clicking next
2020-12-11 15:17:54 INFO  Logging:30 - Entering user password
2020-12-11 15:17:56 INFO  Logging:30 - Clicking next
2020-12-11 15:18:26 INFO  Logging:30 - Clickingt the login/create account button
2020-12-11 15:18:32 INFO  Logging:30 - Login with google
2020-12-11 15:18:45 INFO  Logging:30 - Entering user mail
2020-12-11 15:18:49 INFO  Logging:30 - Clicking next
2020-12-11 15:18:51 INFO  Logging:30 - Entering user password
2020-12-11 15:20:21 INFO  Logging:30 - Clickingt the login/create account button
2020-12-11 15:20:26 INFO  Logging:30 - Login with google
2020-12-11 15:23:13 INFO  Logging:30 - Clickingt the login/create account button
2020-12-11 15:23:18 INFO  Logging:30 - Login with google
2020-12-11 15:23:24 INFO  Logging:30 - Entering user mail
2020-12-11 15:23:28 INFO  Logging:30 - Clicking next
2020-12-11 15:23:30 INFO  Logging:30 - Entering user password
2020-12-11 15:26:11 INFO  Logging:30 - Clickingt the login/create account button
2020-12-11 15:26:17 INFO  Logging:30 - Login with google
2020-12-11 15:26:22 INFO  Logging:30 - Entering user mail
2020-12-11 15:26:26 INFO  Logging:30 - Clicking next
2020-12-11 15:26:28 INFO  Logging:30 - Entering user password
2020-12-11 15:27:08 INFO  Logging:30 - Clicking the buses linktext
2020-12-11 15:27:24 INFO  Logging:30 - Clicking the buses linktext
2020-12-11 15:27:29 INFO  Logging:30 - Entering source
2020-12-11 15:30:11 INFO  Logging:30 - Clicking the buses linktext
2020-12-11 15:30:27 INFO  Logging:30 - Clicking the buses linktext
2020-12-11 15:30:41 INFO  Logging:30 - Clicking the buses linktext
2020-12-11 15:31:04 INFO  Logging:30 - Clickingt the login/create account button
2020-12-11 15:31:09 INFO  Logging:30 - Login with google
2020-12-11 15:31:15 INFO  Logging:30 - Entering user mail
2020-12-11 15:31:17 INFO  Logging:30 - Clicking next
2020-12-11 15:31:19 INFO  Logging:30 - Entering user password
2020-12-11 15:31:21 INFO  Logging:30 - Clicking next
2020-12-11 16:50:43 INFO  Logging:30 - Clickingt the login/create account button
2020-12-11 16:50:51 INFO  Logging:30 - Login with google
2020-12-11 16:50:57 INFO  Logging:30 - Entering user mail
2020-12-11 16:50:58 INFO  Logging:30 - Clickingt the login/create account button
2020-12-11 16:51:03 INFO  Logging:30 - Clicking next
2020-12-11 16:51:03 INFO  Logging:30 - Login with google
2020-12-11 16:51:06 INFO  Logging:30 - Entering user password
2020-12-11 16:51:12 INFO  Logging:30 - Clicking next
